+l
1	#include<stdio.h>
2	int input_side();
3	int check_scalene(int a, int b, int c);
4	void output(int a, int b, int c, int isscalene);
5	int main ()
6	{
7	    int a,b,c,isscalene;
8	    a=input_side();
9	    b=input_side();
10	    c=input_side();
+b 12
Breakpoint 1 at 0x4014a9: file c:\Users\DELL\github-classroom\FPC-advanced\fpc-advanced-classroom-1st-year-assignment-BALAJIMALI\set02\problem02.c, line 12.
+b 26
Breakpoint 2 at 0x401520: file c:\Users\DELL\github-classroom\FPC-advanced\fpc-advanced-classroom-1st-year-assignment-BALAJIMALI\set02\problem02.c, line 26.
+b 29 
Breakpoint 3 at 0x401525: file c:\Users\DELL\github-classroom\FPC-advanced\fpc-advanced-classroom-1st-year-assignment-BALAJIMALI\set02\problem02.c, line 29.
+b 41
Breakpoint 4 at 0x401556: file c:\Users\DELL\github-classroom\FPC-advanced\fpc-advanced-classroom-1st-year-assignment-BALAJIMALI\set02\problem02.c, line 41.
+info b
Num     Type           Disp Enb Address    What
1       breakpoint     keep y   0x004014a9 in main 
                                           at c:\Users\DELL\github-classroom\FPC-advanced\fpc-advanced-classroom-1st-year-assignment-BALAJIMALI\set02\problem02.c:12
2       breakpoint     keep y   0x00401520 in check_scalene 
                                           at c:\Users\DELL\github-classroom\FPC-advanced\fpc-advanced-classroom-1st-year-assignment-BALAJIMALI\set02\problem02.c:26
3       breakpoint     keep y   0x00401525 in check_scalene 
                                           at c:\Users\DELL\github-classroom\FPC-advanced\fpc-advanced-classroom-1st-year-assignment-BALAJIMALI\set02\problem02.c:29
4       breakpoint     keep y   0x00401556 in output 
                                           at c:\Users\DELL\github-classroom\FPC-advanced\fpc-advanced-classroom-1st-year-assignment-BALAJIMALI\set02\problem02.c:41
+r
Starting program: C:\Users\DELL\github-classroom\FPC-advanced\fpc-advanced-classroom-1st-year-assignment-BALAJIMALI\set02/./problem02.exe 
[New Thread 5528.0x19ec]
[New Thread 5528.0x3ac0]

Breakpoint 3, check_scalene (a=4, b=5, c=4)
    at c:\Users\DELL\github-classroom\FPC-advanced\fpc-advanced-classroom-1st-year-assignment-BALAJIMALI\set02\problem02.c:30
30	}
+n

Breakpoint 1, main () at c:\Users\DELL\github-classroom\FPC-advanced\fpc-advanced-classroom-1st-year-assignment-BALAJIMALI\set02\problem02.c:12
12	    output(a,b,c,isscalene);
+n
13	}
+n
0x00401288 in __register_frame_info ()
+q
A debugging session is active.

	Inferior 1 [process 5528] will be killed.

Quit anyway? (y or n) error return ../../gdb-7.6.1/gdb/windows-nat.c:1275 was 5
