+l
4		float base, altitude, area;
5	} Triangle;
6	
7	Triangle input_triangle();
8	void find_area(Triangle *t);
9	void output(Triangle t);
10	int main()
11	{
12	    Triangle t;
13	    t=input_triangle();
+b 25
Breakpoint 1 at 0x401508: file c:\Users\DELL\github-classroom\FPC-advanced\fpc-advanced-classroom-1st-year-assignment-BALAJIMALI\set02\problem07.c, line 25.
+b 31 
Breakpoint 2 at 0x401527: file c:\Users\DELL\github-classroom\FPC-advanced\fpc-advanced-classroom-1st-year-assignment-BALAJIMALI\set02\problem07.c, line 31.
+b 34
Breakpoint 3 at 0x401551: file c:\Users\DELL\github-classroom\FPC-advanced\fpc-advanced-classroom-1st-year-assignment-BALAJIMALI\set02\problem07.c, line 34.
+info b
Num     Type           Disp Enb Address    What
1       breakpoint     keep y   0x00401508 in input_triangle 
                                           at c:\Users\DELL\github-classroom\FPC-advanced\fpc-advanced-classroom-1st-year-assignment-BALAJIMALI\set02\problem07.c:25
2       breakpoint     keep y   0x00401527 in find_area 
                                           at c:\Users\DELL\github-classroom\FPC-advanced\fpc-advanced-classroom-1st-year-assignment-BALAJIMALI\set02\problem07.c:31
3       breakpoint     keep y   0x00401551 in output 
                                           at c:\Users\DELL\github-classroom\FPC-advanced\fpc-advanced-classroom-1st-year-assignment-BALAJIMALI\set02\problem07.c:34
+r
Starting program: C:\Users\DELL\github-classroom\FPC-advanced\fpc-advanced-classroom-1st-year-assignment-BALAJIMALI\set02/./problem07.exe 
[New Thread 14716.0x3974]
[New Thread 14716.0x39b8]

Breakpoint 1, input_triangle () at c:\Users\DELL\github-classroom\FPC-advanced\fpc-advanced-classroom-1st-year-assignment-BALAJIMALI\set02\problem07.c:25
25	    return a;
+n
26	}
+n
main () at c:\Users\DELL\github-classroom\FPC-advanced\fpc-advanced-classroom-1st-year-assignment-BALAJIMALI\set02\problem07.c:14
14	    find_area(&t);
+n

Breakpoint 2, find_area (t=0x61ff14) at c:\Users\DELL\github-classroom\FPC-advanced\fpc-advanced-classroom-1st-year-assignment-BALAJIMALI\set02\problem07.c:31
31	    t->area=0.5*t->base*t->altitude;
+n
32	}   
+n
main () at c:\Users\DELL\github-classroom\FPC-advanced\fpc-advanced-classroom-1st-year-assignment-BALAJIMALI\set02\problem07.c:15
15	    output(t);
+n

Breakpoint 3, output (t=...) at c:\Users\DELL\github-classroom\FPC-advanced\fpc-advanced-classroom-1st-year-assignment-BALAJIMALI\set02\problem07.c:34
34	    printf("The aera of trianglewith base %f and altitude %f is %f" ,t.base,t.altitude,t.area );
+q
A debugging session is active.

	Inferior 1 [process 14716] will be killed.

Quit anyway? (y or n) Please answer y or n.
A debugging session is active.

	Inferior 1 [process 14716] will be killed.

Quit anyway? (y or n) error return ../../gdb-7.6.1/gdb/windows-nat.c:1275 was 5
