+l
No symbol table is loaded.  Use the "file" command.
+b 5
No symbol table is loaded.  Use the "file" command.
+set trace-commands on
+l
No symbol table is loaded.  Use the "file" command.
+L
No symbol table is loaded.  Use the "file" command.
+r
Starting program:  
No executable specified, use `target exec'.
+n
The program is not being run.
+l
No symbol table is loaded.  Use the "file" command.
+q
+l
No symbol table is loaded.  Use the "file" command.
+q
+l
11	} Line;
12	
13	Point input_point();
14	Line input_line();
15	void find_length(Line *l);
16	void output(Line l);
17	
18	int main()
19	{
20	    Line l= input_line();
+cd "c:\Users\DELL\github-classroom\FPC-advanced\fpc-advanced-classroom-1st-year-assignment-BALAJIMALI\set05"
"c:\Users\DELL\github-classroom\FPC-advanced\fpc-advanced-classroom-1st-year-assignment-BALAJIMALI\set05": Invalid argument.
+gcc -g "c:\Users\DELL\github-classroom\FPC-advanced\fpc-advanced-classroom-1st-year-assignment-BALAJIMALI\set05\problem03.c" -o "c:\Users\DELL\github-classroom\FPC-advanced\fpc-advanced-classroom-1st-year-assignment-BALAJIMALI\set05\problem03.exe" 2>&1
Undefined command: "gcc".  Try "help".
+q
