+l
2	#include<math.h>
3	
4	void input_triangle(float *x1, float *y1, float *x2, float *y2, float *x3, float *y3);
5	int is_triangle(float x1, float y1, float x2, float y2,float x3, float y3);
6	void output(float x1, float y1, float x2, float y2,float x3, float y3, int result);
7	
8	int main(){
9	    int result;
10	   float x1, y1, x2, y2, x3, y3;
11	    input_triangle(&x1, &y1, &x2, &y2,&x3 ,&y3);
+b 13
Breakpoint 1 at 0x4014e0: file c:\Users\DELL\github-classroom\FPC-advanced\fpc-advanced-classroom-1st-year-assignment-BALAJIMALI\set03\problem02.c, line 13.
+b 21
Breakpoint 2 at 0x401587: file c:\Users\DELL\github-classroom\FPC-advanced\fpc-advanced-classroom-1st-year-assignment-BALAJIMALI\set03\problem02.c, line 21.
+b 31
Breakpoint 3 at 0x401644: file c:\Users\DELL\github-classroom\FPC-advanced\fpc-advanced-classroom-1st-year-assignment-BALAJIMALI\set03\problem02.c, line 31.
+b 34
Breakpoint 4 at 0x401649: file c:\Users\DELL\github-classroom\FPC-advanced\fpc-advanced-classroom-1st-year-assignment-BALAJIMALI\set03\problem02.c, line 34.
+b 42
Breakpoint 5 at 0x40169c: file c:\Users\DELL\github-classroom\FPC-advanced\fpc-advanced-classroom-1st-year-assignment-BALAJIMALI\set03\problem02.c, line 42.
+b 45
Breakpoint 6 at 0x40169a: file c:\Users\DELL\github-classroom\FPC-advanced\fpc-advanced-classroom-1st-year-assignment-BALAJIMALI\set03\problem02.c, line 45.
+ingo b
Undefined command: "ingo".  Try "help".
