+l
1	#include<stdio.h>
2	#include<stdio.h>
3	
4	void input(float *x1, float *y1, float *x2, float *y2);
5	float find_distance(float x1, float y1, float x2, float y2);
6	void output(float x1, float y1, float x2, float y2, float distance);
7	int main()
8	{
9	  float x1, y1, x2, y2, distance;
10	    input(&x1, &y1, &x2, &y2);
+b 5
Breakpoint 1 at 0x40146e: file c:\Users\DELL\github-classroom\FPC-advanced\fpc-advanced-classroom-1st-year-assignment-BALAJIMALI\set03\problem01.c, line 5.
+b 10
Note: breakpoint 1 also set at pc 0x40146e.
Breakpoint 2 at 0x40146e: file c:\Users\DELL\github-classroom\FPC-advanced\fpc-advanced-classroom-1st-year-assignment-BALAJIMALI\set03\problem01.c, line 10.
+info b
Num     Type           Disp Enb Address    What
1       breakpoint     keep y   0x0040146e in main 
                                           at c:\Users\DELL\github-classroom\FPC-advanced\fpc-advanced-classroom-1st-year-assignment-BALAJIMALI\set03\problem01.c:5
2       breakpoint     keep y   0x0040146e in main 
                                           at c:\Users\DELL\github-classroom\FPC-advanced\fpc-advanced-classroom-1st-year-assignment-BALAJIMALI\set03\problem01.c:10
+r
Starting program: C:\Users\DELL\github-classroom\FPC-advanced\fpc-advanced-classroom-1st-year-assignment-BALAJIMALI\set03/./problem01.exe 
[New Thread 9308.0x2f60]
[New Thread 9308.0x1744]

Breakpoint 1, main () at c:\Users\DELL\github-classroom\FPC-advanced\fpc-advanced-classroom-1st-year-assignment-BALAJIMALI\set03\problem01.c:10
10	    input(&x1, &y1, &x2, &y2);
+n
11	    distance = find_distance(x1, y1, x2, y2);
+n
12	    output(x1, y1, x2, y2, distance);
+n
14	}
+q
A debugging session is active.

	Inferior 1 [process 9308] will be killed.

Quit anyway? (y or n) error return ../../gdb-7.6.1/gdb/windows-nat.c:1275 was 5
