+l
warning: Source file is more recent than executable.
47	        perimeter += find_distance(p->p[i], p->p[next_index]);
48	    }
49	    p->perimeter = perimeter;
50	}
51	void output(pl p) {
52	    printf("Perimeter of the polygon: %.2f\n", p.perimeter);
53	}
54	int main() {
55	    pl polygon;
56	    input_polygon(&polygon);
+b 49
Breakpoint 1 at 0x4015c5: file c:\Users\DELL\github-classroom\FPC-advanced\fpc-advanced-classroom-1st-year-assignment-BALAJIMALI\set03\problem08.c, line 49.
+b 56
Breakpoint 2 at 0x401607: file c:\Users\DELL\github-classroom\FPC-advanced\fpc-advanced-classroom-1st-year-assignment-BALAJIMALI\set03\problem08.c, line 56.
+b 52
Breakpoint 3 at 0x4015da: file c:\Users\DELL\github-classroom\FPC-advanced\fpc-advanced-classroom-1st-year-assignment-BALAJIMALI\set03\problem08.c, line 52.
+info b
Num     Type           Disp Enb Address    What
1       breakpoint     keep y   0x004015c5 in find_perimeter 
                                           at c:\Users\DELL\github-classroom\FPC-advanced\fpc-advanced-classroom-1st-year-assignment-BALAJIMALI\set03\problem08.c:49
2       breakpoint     keep y   0x00401607 in main 
                                           at c:\Users\DELL\github-classroom\FPC-advanced\fpc-advanced-classroom-1st-year-assignment-BALAJIMALI\set03\problem08.c:56
3       breakpoint     keep y   0x004015da in output 
                                           at c:\Users\DELL\github-classroom\FPC-advanced\fpc-advanced-classroom-1st-year-assignment-BALAJIMALI\set03\problem08.c:52
+r
Starting program: C:\Users\DELL\github-classroom\FPC-advanced\fpc-advanced-classroom-1st-year-assignment-BALAJIMALI\set03/./problem08.exe 
[New Thread 8972.0x2d80]
[New Thread 8972.0xe30]

Breakpoint 2, main () at c:\Users\DELL\github-classroom\FPC-advanced\fpc-advanced-classroom-1st-year-assignment-BALAJIMALI\set03\problem08.c:56
56	    input_polygon(&polygon);
+n
57	    find_perimeter(&polygon);
+n

Breakpoint 1, find_perimeter (p=0x61fbe8)
    at c:\Users\DELL\github-classroom\FPC-advanced\fpc-advanced-classroom-1st-year-assignment-BALAJIMALI\set03\problem08.c:49
49	    p->perimeter = perimeter;
+n
50	}
+n
main () at c:\Users\DELL\github-classroom\FPC-advanced\fpc-advanced-classroom-1st-year-assignment-BALAJIMALI\set03\problem08.c:58
58	    output(polygon);
+n

Breakpoint 3, output (p=...) at c:\Users\DELL\github-classroom\FPC-advanced\fpc-advanced-classroom-1st-year-assignment-BALAJIMALI\set03\problem08.c:52
52	    printf("Perimeter of the polygon: %.2f\n", p.perimeter);
+n
53	}
+q
A debugging session is active.

	Inferior 1 [process 8972] will be killed.

Quit anyway? (y or n) error return ../../gdb-7.6.1/gdb/windows-nat.c:1275 was 5
