+l
1	#include<stdio.h>
2	float input();
3	float square_root(float n);
4	void output(float n, float sqrroot);
5	int main()
6	{
7	    float n , sqrroot;
8	    n=input();
9	    sqrroot=square_root(n);
10	    output(n,sqrroot);
+b 5
Breakpoint 1 at 0x40146e: file c:\Users\DELL\github-classroom\FPC-advanced\fpc-advanced-classroom-1st-year-assignment-BALAJIMALI\set01\problem09.c, line 5.
+b 9
Breakpoint 2 at 0x40147f: file c:\Users\DELL\github-classroom\FPC-advanced\fpc-advanced-classroom-1st-year-assignment-BALAJIMALI\set01\problem09.c, line 9.
+b 10
Breakpoint 3 at 0x401497: file c:\Users\DELL\github-classroom\FPC-advanced\fpc-advanced-classroom-1st-year-assignment-BALAJIMALI\set01\problem09.c, line 10.
+info b 
Num     Type           Disp Enb Address    What
1       breakpoint     keep y   0x0040146e in main 
                                           at c:\Users\DELL\github-classroom\FPC-advanced\fpc-advanced-classroom-1st-year-assignment-BALAJIMALI\set01\problem09.c:5
2       breakpoint     keep y   0x0040147f in main 
                                           at c:\Users\DELL\github-classroom\FPC-advanced\fpc-advanced-classroom-1st-year-assignment-BALAJIMALI\set01\problem09.c:9
3       breakpoint     keep y   0x00401497 in main 
                                           at c:\Users\DELL\github-classroom\FPC-advanced\fpc-advanced-classroom-1st-year-assignment-BALAJIMALI\set01\problem09.c:10
+r
Starting program: C:\Users\DELL\github-classroom\FPC-advanced\fpc-advanced-classroom-1st-year-assignment-BALAJIMALI\set01/./problem09.exe 
[New Thread 12404.0x30e0]
[New Thread 12404.0x1bd8]

Breakpoint 1, main () at c:\Users\DELL\github-classroom\FPC-advanced\fpc-advanced-classroom-1st-year-assignment-BALAJIMALI\set01\problem09.c:8
8	    n=input();
+n

Breakpoint 2, main () at c:\Users\DELL\github-classroom\FPC-advanced\fpc-advanced-classroom-1st-year-assignment-BALAJIMALI\set01\problem09.c:9
9	    sqrroot=square_root(n);
+n

Breakpoint 3, main () at c:\Users\DELL\github-classroom\FPC-advanced\fpc-advanced-classroom-1st-year-assignment-BALAJIMALI\set01\problem09.c:10
10	    output(n,sqrroot);
+n
11	    return 0;
+q
A debugging session is active.

	Inferior 1 [process 12404] will be killed.

Quit anyway? (y or n) error return ../../gdb-7.6.1/gdb/windows-nat.c:1275 was 5
