+l
No symbol table is loaded.  Use the "file" command.
+q
+l
24	
25	void output(Complex a, Complex b, Complex sum) {
26	    printf("The first complex number is: %.2f + %.2fi\n", a.real, a.imaginary);
27	    printf("The second complex number is: %.2f + %.2fi\n", b.real, b.imaginary);
28	    printf("The sum of the two complex numbers is: %.2f + %.2fi\n", sum.real, sum.imaginary);
29	}
30	
31	int main() {
32	    Complex a, b, sum;
33	    printf("For the first complex number:\n");
+b 25
Breakpoint 1 at 0x4014d9: file c:\Users\DELL\github-classroom\FPC-advanced\fpc-advanced-classroom-1st-year-assignment-BALAJIMALI\set01\problem11.c, line 25.
+b 33
Breakpoint 2 at 0x40153e: file c:\Users\DELL\github-classroom\FPC-advanced\fpc-advanced-classroom-1st-year-assignment-BALAJIMALI\set01\problem11.c, line 33.
+info b
Num     Type           Disp Enb Address    What
1       breakpoint     keep y   0x004014d9 in output 
                                           at c:\Users\DELL\github-classroom\FPC-advanced\fpc-advanced-classroom-1st-year-assignment-BALAJIMALI\set01\problem11.c:25
2       breakpoint     keep y   0x0040153e in main 
                                           at c:\Users\DELL\github-classroom\FPC-advanced\fpc-advanced-classroom-1st-year-assignment-BALAJIMALI\set01\problem11.c:33
+r
Starting program: C:\Users\DELL\github-classroom\FPC-advanced\fpc-advanced-classroom-1st-year-assignment-BALAJIMALI\set01/./problem11.exe 
[New Thread 3200.0x1850]
[New Thread 3200.0x2920]

Breakpoint 2, main () at c:\Users\DELL\github-classroom\FPC-advanced\fpc-advanced-classroom-1st-year-assignment-BALAJIMALI\set01\problem11.c:33
33	    printf("For the first complex number:\n");
+n
34	    a = input_complex();
+n
35	    printf("For the second complex number:\n");
+n
36	    b = input_complex();
+n
37	    sum = add_complex(a, b);
+n 
38	    output(a, b, sum);
+n

Breakpoint 1, output (a=..., b=..., sum=...)
    at c:\Users\DELL\github-classroom\FPC-advanced\fpc-advanced-classroom-1st-year-assignment-BALAJIMALI\set01\problem11.c:26
26	    printf("The first complex number is: %.2f + %.2fi\n", a.real, a.imaginary);
+n
27	    printf("The second complex number is: %.2f + %.2fi\n", b.real, b.imaginary);
+n
28	    printf("The sum of the two complex numbers is: %.2f + %.2fi\n", sum.real, sum.imaginary);
+n
29	}
+n
main () at c:\Users\DELL\github-classroom\FPC-advanced\fpc-advanced-classroom-1st-year-assignment-BALAJIMALI\set01\problem11.c:39
39	    return 0;
+q
A debugging session is active.

	Inferior 1 [process 3200] will be killed.

Quit anyway? (y or n) error return ../../gdb-7.6.1/gdb/windows-nat.c:1275 was 5
