+l
1	#include <stdio.h>
2	
3	void input_camel_details(float *radius, float *height, float *length);
4	int find_mood(float radius, float height, float length);
5	void output(float radius, float height, float length, int mood);
6	
7	int main()
8	{
9	    float radius,height,length;
10	    input_camel_details(&radius,&height,&length);
+b 12
Breakpoint 1 at 0x4014ac: file c:\Users\DELL\github-classroom\FPC-advanced\fpc-advanced-classroom-1st-year-assignment-BALAJIMALI\set05\problem04.c, line 12.
+b 27
Breakpoint 2 at 0x401560: file c:\Users\DELL\github-classroom\FPC-advanced\fpc-advanced-classroom-1st-year-assignment-BALAJIMALI\set05\problem04.c, line 27.
+b 36
Breakpoint 3 at 0x4015b1: file c:\Users\DELL\github-classroom\FPC-advanced\fpc-advanced-classroom-1st-year-assignment-BALAJIMALI\set05\problem04.c, line 36.
+b 39
Note: breakpoint 3 also set at pc 0x4015b1.
Breakpoint 4 at 0x4015b1: file c:\Users\DELL\github-classroom\FPC-advanced\fpc-advanced-classroom-1st-year-assignment-BALAJIMALI\set05\problem04.c, line 39.
+b 43
Breakpoint 5 at 0x4015be: file c:\Users\DELL\github-classroom\FPC-advanced\fpc-advanced-classroom-1st-year-assignment-BALAJIMALI\set05\problem04.c, line 43.
+b 48
Breakpoint 6 at 0x4015d2: file c:\Users\DELL\github-classroom\FPC-advanced\fpc-advanced-classroom-1st-year-assignment-BALAJIMALI\set05\problem04.c, line 48.
+b 59
Breakpoint 7 at 0x4015d0: file c:\Users\DELL\github-classroom\FPC-advanced\fpc-advanced-classroom-1st-year-assignment-BALAJIMALI\set05\problem04.c, line 59.
+info b
Num     Type           Disp Enb Address    What
1       breakpoint     keep y   0x004014ac in main 
                                           at c:\Users\DELL\github-classroom\FPC-advanced\fpc-advanced-classroom-1st-year-assignment-BALAJIMALI\set05\problem04.c:12
2       breakpoint     keep y   0x00401560 in find_mood 
                                           at c:\Users\DELL\github-classroom\FPC-advanced\fpc-advanced-classroom-1st-year-assignment-BALAJIMALI\set05\problem04.c:27
3       breakpoint     keep y   0x004015b1 in find_mood 
                                           at c:\Users\DELL\github-classroom\FPC-advanced\fpc-advanced-classroom-1st-year-assignment-BALAJIMALI\set05\problem04.c:36
4       breakpoint     keep y   0x004015b1 in find_mood 
                                           at c:\Users\DELL\github-classroom\FPC-advanced\fpc-advanced-classroom-1st-year-assignment-BALAJIMALI\set05\problem04.c:39
5       breakpoint     keep y   0x004015be in output 
                                           at c:\Users\DELL\github-classroom\FPC-advanced\fpc-advanced-classroom-1st-year-assignment-BALAJIMALI\set05\problem04.c:43
6       breakpoint     keep y   0x004015d2 in output 
                                           at c:\Users\DELL\github-classroom\FPC-advanced\fpc-advanced-classroom-1st-year-assignment-BALAJIMALI\set05\problem04.c:48
7       breakpoint     keep y   0x004015d0 in output 
                                           at c:\Users\DELL\github-classroom\FPC-advanced\fpc-advanced-classroom-1st-year-assignment-BALAJIMALI\set05\problem04.c:59
+r
Starting program: C:\Users\DELL\github-classroom\FPC-advanced\fpc-advanced-classroom-1st-year-assignment-BALAJIMALI\set05/./problem04.exe 
[New Thread 10456.0x1c44]
[New Thread 10456.0x3fa8]

Breakpoint 2, find_mood (radius=4, height=5, length=6)
    at c:\Users\DELL\github-classroom\FPC-advanced\fpc-advanced-classroom-1st-year-assignment-BALAJIMALI\set05\problem04.c:27
27	        return 0;
+n
41	}
+n

Breakpoint 1, main () at c:\Users\DELL\github-classroom\FPC-advanced\fpc-advanced-classroom-1st-year-assignment-BALAJIMALI\set05\problem04.c:12
12	    output(radius,length,height,mood);
+n

Breakpoint 5, output (radius=4, height=6, length=5, mood=0)
    at c:\Users\DELL\github-classroom\FPC-advanced\fpc-advanced-classroom-1st-year-assignment-BALAJIMALI\set05\problem04.c:44
44	    if(mood==0)
+n
46	        printf("Camel is sick \n");
+n

Breakpoint 7, output (radius=4, height=6, length=5, mood=0)
    at c:\Users\DELL\github-classroom\FPC-advanced\fpc-advanced-classroom-1st-year-assignment-BALAJIMALI\set05\problem04.c:60
60	}+n
main () at c:\Users\DELL\github-classroom\FPC-advanced\fpc-advanced-classroom-1st-year-assignment-BALAJIMALI\set05\problem04.c:13
13	}
+nq
Undefined command: "nq".  Try "help".
+q
A debugging session is active.

	Inferior 1 [process 10456] will be killed.

Quit anyway? (y or n) error return ../../gdb-7.6.1/gdb/windows-nat.c:1275 was 5
